<?xml version="1.0" encoding="UTF-8"?>
<!-- Generated by org.testng.reporters.JUnitXMLReporter -->
<testsuite ignored="0" hostname="Lenovo_LOQ" failures="0" tests="5" name="Surefire test" time="19.035" errors="0" timestamp="2026-05-25T23:20:39 IST">
  <testcase classname="testmu.tests.ui.LoginTest" name="testEmptyCredentials" time="0.46"/>
  <testcase classname="testmu.tests.ui.LoginTest" name="testInvalidLogin" time="0.792"/>
  <testcase classname="testmu.tests.ui.LoginTest" name="testLoginWithMultipleUsers" time="0.639"/>
  <testcase classname="testmu.tests.ui.LoginTest" name="testLoginWithMultipleUsers" time="0.558"/>
  <testcase classname="testmu.tests.ui.LoginTest" name="testValidLogin" time="0.751"/>
</testsuite> <!-- Surefire test -->
