<?xml version="1.0" encoding="UTF-8"?>
<!-- Generated by org.testng.reporters.JUnitXMLReporter -->
<testsuite ignored="0" hostname="Lenovo_LOQ" failures="0" tests="6" name="Surefire test" time="32.687" errors="0" timestamp="2026-05-25T17:55:25 IST">
  <testcase classname="testmu.tests.ui.LoginTest" name="testEmptyCredentials" time="1.013"/>
  <testcase classname="testmu.tests.ui.LoginTest" name="testInvalidLogin" time="0.547"/>
  <testcase classname="testmu.tests.ui.LoginTest" name="testLoginWithMultipleUsers" time="0.585"/>
  <testcase classname="testmu.tests.ui.LoginTest" name="testLoginWithMultipleUsers" time="0.575"/>
  <testcase classname="testmu.tests.ui.LoginTest" name="testLoginWithMultipleUsers" time="5.634"/>
  <testcase classname="testmu.tests.ui.LoginTest" name="testValidLogin" time="0.482"/>
</testsuite> <!-- Surefire test -->
