<?xml version="1.0" encoding="UTF-8"?>
<testng-results ignored="0" total="6" passed="6" failed="0" skipped="0">
  <reporter-output>
  </reporter-output>
  <suite started-at="2026-05-25T19:32:58 IST" name="Surefire suite" finished-at="2026-05-25T19:33:06 IST" duration-ms="7632">
    <groups>
    </groups>
    <test started-at="2026-05-25T19:32:58 IST" name="Surefire test" finished-at="2026-05-25T19:33:06 IST" duration-ms="7632">
      <class name="testmu.tests.api.UserApiTest">
        <test-method is-config="true" signature="setUp()[pri:0, instance:testmu.tests.api.UserApiTest@74971ed9]" started-at="2026-05-25T19:32:58 IST" name="setUp" finished-at="2026-05-25T19:32:59 IST" duration-ms="645" status="PASS">
          <reporter-output>
          </reporter-output>
        </test-method> <!-- setUp -->
        <test-method signature="testCreateUser()[pri:0, instance:testmu.tests.api.UserApiTest@74971ed9]" started-at="2026-05-25T19:32:59 IST" name="testCreateUser" finished-at="2026-05-25T19:33:02 IST" duration-ms="3203" status="PASS">
          <reporter-output>
          </reporter-output>
        </test-method> <!-- testCreateUser -->
        <test-method signature="testDeleteUser()[pri:0, instance:testmu.tests.api.UserApiTest@74971ed9]" started-at="2026-05-25T19:33:02 IST" name="testDeleteUser" finished-at="2026-05-25T19:33:03 IST" duration-ms="736" status="PASS">
          <reporter-output>
          </reporter-output>
        </test-method> <!-- testDeleteUser -->
        <test-method signature="testGetInvalidUser()[pri:0, instance:testmu.tests.api.UserApiTest@74971ed9]" started-at="2026-05-25T19:33:03 IST" name="testGetInvalidUser" finished-at="2026-05-25T19:33:03 IST" duration-ms="704" status="PASS">
          <reporter-output>
          </reporter-output>
        </test-method> <!-- testGetInvalidUser -->
        <test-method signature="testGetSingleUser()[pri:0, instance:testmu.tests.api.UserApiTest@74971ed9]" started-at="2026-05-25T19:33:04 IST" name="testGetSingleUser" finished-at="2026-05-25T19:33:04 IST" duration-ms="747" status="PASS">
          <reporter-output>
          </reporter-output>
        </test-method> <!-- testGetSingleUser -->
        <test-method signature="testGetUsersList()[pri:0, instance:testmu.tests.api.UserApiTest@74971ed9]" started-at="2026-05-25T19:33:04 IST" name="testGetUsersList" finished-at="2026-05-25T19:33:05 IST" duration-ms="667" status="PASS">
          <reporter-output>
          </reporter-output>
        </test-method> <!-- testGetUsersList -->
        <test-method signature="testResponseTime()[pri:0, instance:testmu.tests.api.UserApiTest@74971ed9]" started-at="2026-05-25T19:33:05 IST" name="testResponseTime" finished-at="2026-05-25T19:33:06 IST" duration-ms="730" status="PASS">
          <reporter-output>
          </reporter-output>
        </test-method> <!-- testResponseTime -->
      </class> <!-- testmu.tests.api.UserApiTest -->
    </test> <!-- Surefire test -->
  </suite> <!-- Surefire suite -->
</testng-results>
