<?xml version="1.0" encoding="UTF-8"?>
<testng-results ignored="0" total="6" passed="6" failed="0" skipped="0">
  <reporter-output>
  </reporter-output>
  <suite started-at="2026-05-25T17:54:53 IST" name="Surefire suite" finished-at="2026-05-25T17:55:25 IST" duration-ms="32687">
    <groups>
    </groups>
    <test started-at="2026-05-25T17:54:53 IST" name="Surefire test" finished-at="2026-05-25T17:55:25 IST" duration-ms="32687">
      <class name="testmu.tests.ui.LoginTest">
        <test-method is-config="true" signature="setUp()[pri:0, instance:testmu.tests.ui.LoginTest@1bbae752]" started-at="2026-05-25T17:54:53 IST" name="setUp" finished-at="2026-05-25T17:55:01 IST" duration-ms="8288" status="PASS">
          <reporter-output>
          </reporter-output>
        </test-method> <!-- setUp -->
        <test-method is-config="true" signature="setUpPages()[pri:0, instance:testmu.tests.ui.LoginTest@1bbae752]" started-at="2026-05-25T17:55:02 IST" name="setUpPages" finished-at="2026-05-25T17:55:03 IST" duration-ms="688" status="PASS">
          <reporter-output>
          </reporter-output>
        </test-method> <!-- setUpPages -->
        <test-method signature="testEmptyCredentials()[pri:0, instance:testmu.tests.ui.LoginTest@1bbae752]" started-at="2026-05-25T17:55:03 IST" name="testEmptyCredentials" finished-at="2026-05-25T17:55:04 IST" duration-ms="1013" status="PASS">
          <reporter-output>
          </reporter-output>
        </test-method> <!-- testEmptyCredentials -->
        <test-method is-config="true" signature="tearDown()[pri:0, instance:testmu.tests.ui.LoginTest@1bbae752]" started-at="2026-05-25T17:55:04 IST" name="tearDown" finished-at="2026-05-25T17:55:04 IST" duration-ms="239" status="PASS">
          <reporter-output>
          </reporter-output>
        </test-method> <!-- tearDown -->
        <test-method is-config="true" signature="setUp()[pri:0, instance:testmu.tests.ui.LoginTest@1bbae752]" started-at="2026-05-25T17:55:04 IST" name="setUp" finished-at="2026-05-25T17:55:05 IST" duration-ms="1091" status="PASS">
          <reporter-output>
          </reporter-output>
        </test-method> <!-- setUp -->
        <test-method is-config="true" signature="setUpPages()[pri:0, instance:testmu.tests.ui.LoginTest@1bbae752]" started-at="2026-05-25T17:55:05 IST" name="setUpPages" finished-at="2026-05-25T17:55:07 IST" duration-ms="1209" status="PASS">
          <reporter-output>
          </reporter-output>
        </test-method> <!-- setUpPages -->
        <test-method signature="testInvalidLogin()[pri:0, instance:testmu.tests.ui.LoginTest@1bbae752]" started-at="2026-05-25T17:55:07 IST" name="testInvalidLogin" finished-at="2026-05-25T17:55:07 IST" duration-ms="547" status="PASS">
          <reporter-output>
          </reporter-output>
        </test-method> <!-- testInvalidLogin -->
        <test-method is-config="true" signature="tearDown()[pri:0, instance:testmu.tests.ui.LoginTest@1bbae752]" started-at="2026-05-25T17:55:07 IST" name="tearDown" finished-at="2026-05-25T17:55:08 IST" duration-ms="537" status="PASS">
          <reporter-output>
          </reporter-output>
        </test-method> <!-- tearDown -->
        <test-method is-config="true" signature="setUp()[pri:0, instance:testmu.tests.ui.LoginTest@1bbae752]" started-at="2026-05-25T17:55:08 IST" name="setUp" finished-at="2026-05-25T17:55:09 IST" duration-ms="865" status="PASS">
          <reporter-output>
          </reporter-output>
        </test-method> <!-- setUp -->
        <test-method is-config="true" signature="setUpPages()[pri:0, instance:testmu.tests.ui.LoginTest@1bbae752]" started-at="2026-05-25T17:55:09 IST" name="setUpPages" finished-at="2026-05-25T17:55:10 IST" duration-ms="1472" status="PASS">
          <reporter-output>
          </reporter-output>
        </test-method> <!-- setUpPages -->
        <test-method signature="testLoginWithMultipleUsers(java.lang.String,java.lang.String)[pri:0, instance:testmu.tests.ui.LoginTest@1bbae752]" started-at="2026-05-25T17:55:10 IST" name="testLoginWithMultipleUsers" data-provider="multipleUsers" finished-at="2026-05-25T17:55:11 IST" duration-ms="585" status="PASS">
          <params>
            <param index="0">
              <value>
                <![CDATA[standard_user]]>
              </value>
            </param>
            <param index="1">
              <value>
                <![CDATA[secret_sauce]]>
              </value>
            </param>
          </params>
          <reporter-output>
          </reporter-output>
        </test-method> <!-- testLoginWithMultipleUsers -->
        <test-method is-config="true" signature="tearDown()[pri:0, instance:testmu.tests.ui.LoginTest@1bbae752]" started-at="2026-05-25T17:55:11 IST" name="tearDown" finished-at="2026-05-25T17:55:11 IST" duration-ms="247" status="PASS">
          <reporter-output>
          </reporter-output>
        </test-method> <!-- tearDown -->
        <test-method is-config="true" signature="setUp()[pri:0, instance:testmu.tests.ui.LoginTest@1bbae752]" started-at="2026-05-25T17:55:11 IST" name="setUp" finished-at="2026-05-25T17:55:12 IST" duration-ms="829" status="PASS">
          <reporter-output>
          </reporter-output>
        </test-method> <!-- setUp -->
        <test-method is-config="true" signature="setUpPages()[pri:0, instance:testmu.tests.ui.LoginTest@1bbae752]" started-at="2026-05-25T17:55:12 IST" name="setUpPages" finished-at="2026-05-25T17:55:13 IST" duration-ms="1008" status="PASS">
          <reporter-output>
          </reporter-output>
        </test-method> <!-- setUpPages -->
        <test-method signature="testLoginWithMultipleUsers(java.lang.String,java.lang.String)[pri:0, instance:testmu.tests.ui.LoginTest@1bbae752]" started-at="2026-05-25T17:55:13 IST" name="testLoginWithMultipleUsers" data-provider="multipleUsers" finished-at="2026-05-25T17:55:13 IST" duration-ms="575" status="PASS">
          <params>
            <param index="0">
              <value>
                <![CDATA[visual_user]]>
              </value>
            </param>
            <param index="1">
              <value>
                <![CDATA[secret_sauce]]>
              </value>
            </param>
          </params>
          <reporter-output>
          </reporter-output>
        </test-method> <!-- testLoginWithMultipleUsers -->
        <test-method is-config="true" signature="tearDown()[pri:0, instance:testmu.tests.ui.LoginTest@1bbae752]" started-at="2026-05-25T17:55:13 IST" name="tearDown" finished-at="2026-05-25T17:55:14 IST" duration-ms="988" status="PASS">
          <reporter-output>
          </reporter-output>
        </test-method> <!-- tearDown -->
        <test-method is-config="true" signature="setUp()[pri:0, instance:testmu.tests.ui.LoginTest@1bbae752]" started-at="2026-05-25T17:55:14 IST" name="setUp" finished-at="2026-05-25T17:55:15 IST" duration-ms="899" status="PASS">
          <reporter-output>
          </reporter-output>
        </test-method> <!-- setUp -->
        <test-method is-config="true" signature="setUpPages()[pri:0, instance:testmu.tests.ui.LoginTest@1bbae752]" started-at="2026-05-25T17:55:15 IST" name="setUpPages" finished-at="2026-05-25T17:55:16 IST" duration-ms="1150" status="PASS">
          <reporter-output>
          </reporter-output>
        </test-method> <!-- setUpPages -->
        <test-method signature="testLoginWithMultipleUsers(java.lang.String,java.lang.String)[pri:0, instance:testmu.tests.ui.LoginTest@1bbae752]" started-at="2026-05-25T17:55:16 IST" name="testLoginWithMultipleUsers" data-provider="multipleUsers" finished-at="2026-05-25T17:55:22 IST" duration-ms="5634" status="PASS">
          <params>
            <param index="0">
              <value>
                <![CDATA[performance_glitch_user]]>
              </value>
            </param>
            <param index="1">
              <value>
                <![CDATA[secret_sauce]]>
              </value>
            </param>
          </params>
          <reporter-output>
          </reporter-output>
        </test-method> <!-- testLoginWithMultipleUsers -->
        <test-method is-config="true" signature="tearDown()[pri:0, instance:testmu.tests.ui.LoginTest@1bbae752]" started-at="2026-05-25T17:55:22 IST" name="tearDown" finished-at="2026-05-25T17:55:22 IST" duration-ms="443" status="PASS">
          <reporter-output>
          </reporter-output>
        </test-method> <!-- tearDown -->
        <test-method is-config="true" signature="setUp()[pri:0, instance:testmu.tests.ui.LoginTest@1bbae752]" started-at="2026-05-25T17:55:22 IST" name="setUp" finished-at="2026-05-25T17:55:23 IST" duration-ms="822" status="PASS">
          <reporter-output>
          </reporter-output>
        </test-method> <!-- setUp -->
        <test-method is-config="true" signature="setUpPages()[pri:0, instance:testmu.tests.ui.LoginTest@1bbae752]" started-at="2026-05-25T17:55:23 IST" name="setUpPages" finished-at="2026-05-25T17:55:25 IST" duration-ms="1418" status="PASS">
          <reporter-output>
          </reporter-output>
        </test-method> <!-- setUpPages -->
        <test-method signature="testValidLogin()[pri:0, instance:testmu.tests.ui.LoginTest@1bbae752]" started-at="2026-05-25T17:55:25 IST" name="testValidLogin" finished-at="2026-05-25T17:55:25 IST" duration-ms="482" status="PASS">
          <reporter-output>
          </reporter-output>
        </test-method> <!-- testValidLogin -->
        <test-method is-config="true" signature="tearDown()[pri:0, instance:testmu.tests.ui.LoginTest@1bbae752]" started-at="2026-05-25T17:55:25 IST" name="tearDown" finished-at="2026-05-25T17:55:25 IST" duration-ms="211" status="PASS">
          <reporter-output>
          </reporter-output>
        </test-method> <!-- tearDown -->
      </class> <!-- testmu.tests.ui.LoginTest -->
    </test> <!-- Surefire test -->
  </suite> <!-- Surefire suite -->
</testng-results>
