<?xml version="1.0" encoding="UTF-8"?>
<testsuite xmlns:xsi="http://www.w3.org/2001/XMLSchema-instance" xsi:noNamespaceSchemaLocation="https://maven.apache.org/surefire/maven-surefire-plugin/xsd/surefire-test-report-3.0.xsd" version="3.0" name="TestSuite" time="39.321" tests="13" errors="0" skipped="0" failures="0">
  <properties>
[...]
</properties>
  <testcase name="testEmptyCredentials" classname="testmu.tests.ui.LoginTest" time="0.902">
    <system-err><![CDATA[SLF4J(W): No SLF4J providers were found.
SLF4J(W): Defaulting to no-operation (NOP) logger implementation
SLF4J(W): See https://www.slf4j.org/codes.html#noProviders for further details.
]]></system-err>
  </testcase>
  <testcase name="testInvalidLogin" classname="testmu.tests.ui.LoginTest" time="0.831"/>
  <testcase name="testLoginWithMultipleUsers[standard_user, secret_sauce](1)" classname="testmu.tests.ui.LoginTest" time="0.742"/>
  <testcase name="testLoginWithMultipleUsers[visual_user, secret_sauce](2)" classname="testmu.tests.ui.LoginTest" time="0.595"/>
  <testcase name="testLoginWithMultipleUsers[performance_glitch_user, secret_sauce](3)" classname="testmu.tests.ui.LoginTest" time="5.591"/>
  <testcase name="testValidLogin" classname="testmu.tests.ui.LoginTest" time="0.649"/>
  <testcase name="testCreateUser" classname="testmu.tests.api.UserApiTest" time="2.278"/>
  <testcase name="testDeleteUser" classname="testmu.tests.api.UserApiTest" time="0.488"/>
  <testcase name="testGetInvalidUser" classname="testmu.tests.api.UserApiTest" time="0.553"/>
  <testcase name="testGetSingleUser" classname="testmu.tests.api.UserApiTest" time="0.505"/>
  <testcase name="testGetUsersList" classname="testmu.tests.api.UserApiTest" time="0.514"/>
  <testcase name="testResponseTime" classname="testmu.tests.api.UserApiTest" time="0.526"/>
  <testcase name="testCreateUserViaApiAndVerifyUILogin" classname="testmu.tests.integration.CreateAndVerifyUserTest" time="1.413"/>
</testsuite>