<?xml version="1.0" encoding="UTF-8"?>
<!-- Generated by org.testng.reporters.JUnitXMLReporter -->
<testsuite ignored="0" hostname="Lenovo_LOQ" failures="0" tests="6" name="API Tests" time="5.341" errors="0" timestamp="2026-05-25T23:09:17 IST">
  <testcase classname="testmu.tests.api.UserApiTest" name="testCreateUser" time="2.278"/>
  <testcase classname="testmu.tests.api.UserApiTest" name="testDeleteUser" time="0.488"/>
  <testcase classname="testmu.tests.api.UserApiTest" name="testGetInvalidUser" time="0.54"/>
  <testcase classname="testmu.tests.api.UserApiTest" name="testGetSingleUser" time="0.505"/>
  <testcase classname="testmu.tests.api.UserApiTest" name="testGetUsersList" time="0.514"/>
  <testcase classname="testmu.tests.api.UserApiTest" name="testResponseTime" time="0.519"/>
</testsuite> <!-- API Tests -->
