<?xml version="1.0" encoding="UTF-8"?>
<!-- Generated by org.testng.reporters.JUnitXMLReporter -->
<testsuite ignored="0" hostname="Lenovo_LOQ" failures="0" tests="6" name="UI Tests" time="27.134" errors="0" timestamp="2026-05-25T19:48:28 IST">
  <testcase classname="testmu.tests.ui.LoginTest" name="testEmptyCredentials" time="0.569"/>
  <testcase classname="testmu.tests.ui.LoginTest" name="testInvalidLogin" time="0.762"/>
  <testcase classname="testmu.tests.ui.LoginTest" name="testLoginWithMultipleUsers" time="0.651"/>
  <testcase classname="testmu.tests.ui.LoginTest" name="testLoginWithMultipleUsers" time="0.736"/>
  <testcase classname="testmu.tests.ui.LoginTest" name="testLoginWithMultipleUsers" time="5.577"/>
  <testcase classname="testmu.tests.ui.LoginTest" name="testValidLogin" time="0.598"/>
</testsuite> <!-- UI Tests -->
