<?xml version="1.0" encoding="UTF-8"?>
<!-- Generated by org.testng.reporters.JUnitXMLReporter -->
<testsuite ignored="0" hostname="Lenovo_LOQ" failures="0" tests="6" name="UI Tests" time="28.634" errors="0" timestamp="2026-05-25T23:09:11 IST">
  <testcase classname="testmu.tests.ui.LoginTest" name="testEmptyCredentials" time="0.857"/>
  <testcase classname="testmu.tests.ui.LoginTest" name="testInvalidLogin" time="0.824"/>
  <testcase classname="testmu.tests.ui.LoginTest" name="testLoginWithMultipleUsers" time="0.672"/>
  <testcase classname="testmu.tests.ui.LoginTest" name="testLoginWithMultipleUsers" time="0.584"/>
  <testcase classname="testmu.tests.ui.LoginTest" name="testLoginWithMultipleUsers" time="5.58"/>
  <testcase classname="testmu.tests.ui.LoginTest" name="testValidLogin" time="0.649"/>
</testsuite> <!-- UI Tests -->
