<?xml version="1.0" encoding="UTF-8"?>
<!-- Generated by org.testng.reporters.JUnitReportReporter -->
<testsuite hostname="Lenovo_LOQ" failures="0" tests="5" name="testmu.tests.ui.LoginTest" time="17.942" errors="0" timestamp="2026-05-25T23:20:39 IST" skipped="0">
  <testcase classname="testmu.tests.ui.LoginTest" name="testEmptyCredentials" time="2.836"/>
  <testcase classname="testmu.tests.ui.LoginTest" name="testLoginWithMultipleUsers" time="3.342"/>
  <testcase classname="testmu.tests.ui.LoginTest" name="testInvalidLogin" time="4.889"/>
  <testcase classname="testmu.tests.ui.LoginTest" name="testLoginWithMultipleUsers" time="3.637"/>
  <testcase classname="testmu.tests.ui.LoginTest" name="testValidLogin" time="3.238"/>
</testsuite> <!-- testmu.tests.ui.LoginTest -->
