<?xml version="1.0" encoding="UTF-8"?>
<!-- Generated by org.testng.reporters.JUnitReportReporter -->
<testsuite hostname="Lenovo_LOQ" failures="0" tests="6" name="testmu.tests.api.UserApiTest" time="5.211" errors="0" timestamp="2026-05-25T19:48:38 IST" skipped="0">
  <testcase classname="testmu.tests.api.UserApiTest" name="testDeleteUser" time="0.346"/>
  <testcase classname="testmu.tests.api.UserApiTest" name="testGetUsersList" time="0.494"/>
  <testcase classname="testmu.tests.api.UserApiTest" name="testCreateUser" time="2.438"/>
  <testcase classname="testmu.tests.api.UserApiTest" name="testGetInvalidUser" time="0.651"/>
  <testcase classname="testmu.tests.api.UserApiTest" name="testGetSingleUser" time="0.625"/>
  <testcase classname="testmu.tests.api.UserApiTest" name="testResponseTime" time="0.657"/>
</testsuite> <!-- testmu.tests.api.UserApiTest -->
