<?xml version="1.0" encoding="UTF-8"?>
<!-- Generated by org.testng.reporters.JUnitReportReporter -->
<testsuite hostname="Lenovo_LOQ" failures="0" tests="6" name="testmu.tests.ui.LoginTest" time="31.240" errors="0" timestamp="2026-05-25T17:55:26 IST" skipped="0">
  <testcase classname="testmu.tests.ui.LoginTest" name="testEmptyCredentials" time="3.833"/>
  <testcase classname="testmu.tests.ui.LoginTest" name="testLoginWithMultipleUsers" time="2.721"/>
  <testcase classname="testmu.tests.ui.LoginTest" name="testLoginWithMultipleUsers" time="8.182"/>
  <testcase classname="testmu.tests.ui.LoginTest" name="testValidLogin" time="3.501"/>
  <testcase classname="testmu.tests.ui.LoginTest" name="testInvalidLogin" time="9.966"/>
  <testcase classname="testmu.tests.ui.LoginTest" name="testLoginWithMultipleUsers" time="3.037"/>
</testsuite> <!-- testmu.tests.ui.LoginTest -->
