<?xml version="1.0" encoding="UTF-8"?>
<!-- Generated by org.testng.reporters.JUnitReportReporter -->
<testsuite hostname="Lenovo_LOQ" failures="0" tests="6" name="testmu.tests.api.UserApiTest" time="4.844" errors="0" timestamp="2026-05-25T23:09:21 IST" skipped="0">
  <testcase classname="testmu.tests.api.UserApiTest" name="testCreateUser" time="2.278"/>
  <testcase classname="testmu.tests.api.UserApiTest" name="testGetSingleUser" time="0.505"/>
  <testcase classname="testmu.tests.api.UserApiTest" name="testGetUsersList" time="0.514"/>
  <testcase classname="testmu.tests.api.UserApiTest" name="testGetInvalidUser" time="0.540"/>
  <testcase classname="testmu.tests.api.UserApiTest" name="testDeleteUser" time="0.488"/>
  <testcase classname="testmu.tests.api.UserApiTest" name="testResponseTime" time="0.519"/>
</testsuite> <!-- testmu.tests.api.UserApiTest -->
